{"/home/asv-spb/Dev/my-coding/nuExpert/app/app.vue": {"path":"/home/asv-spb/Dev/my-coding/nuExpert/app/app.vue","statementMap":{},"fnMap":{},"branchMap":{},"s":{},"f":{},"b":{},"meta":{"lastBranch":0,"lastFunction":0,"lastStatement":0,"seen":{},"fnNames":{}}}
,"/home/asv-spb/Dev/my-coding/nuExpert/app/assets/css/tailwind.css": {"path":"/home/asv-spb/Dev/my-coding/nuExpert/app/assets/css/tailwind.css","statementMap":{},"fnMap":{},"branchMap":{},"s":{},"f":{},"b":{},"meta":{"lastBranch":0,"lastFunction":0,"lastStatement":0,"seen":{},"fnNames":{}}}
,"/home/asv-spb/Dev/my-coding/nuExpert/app/components/README.md": {"path":"/home/asv-spb/Dev/my-coding/nuExpert/app/components/README.md","statementMap":{},"fnMap":{},"branchMap":{},"s":{},"f":{},"b":{},"meta":{"lastBranch":0,"lastFunction":0,"lastStatement":0,"seen":{},"fnNames":{}}}
,"/home/asv-spb/Dev/my-coding/nuExpert/app/composables/README.md": {"path":"/home/asv-spb/Dev/my-coding/nuExpert/app/composables/README.md","statementMap":{},"fnMap":{},"branchMap":{},"s":{},"f":{},"b":{},"meta":{"lastBranch":0,"lastFunction":0,"lastStatement":0,"seen":{},"fnNames":{}}}
,"/home/asv-spb/Dev/my-coding/nuExpert/app/layouts/README.md": {"path":"/home/asv-spb/Dev/my-coding/nuExpert/app/layouts/README.md","statementMap":{},"fnMap":{},"branchMap":{},"s":{},"f":{},"b":{},"meta":{"lastBranch":0,"lastFunction":0,"lastStatement":0,"seen":{},"fnNames":{}}}
,"/home/asv-spb/Dev/my-coding/nuExpert/app/pages/README.md": {"path":"/home/asv-spb/Dev/my-coding/nuExpert/app/pages/README.md","statementMap":{},"fnMap":{},"branchMap":{},"s":{},"f":{},"b":{},"meta":{"lastBranch":0,"lastFunction":0,"lastStatement":0,"seen":{},"fnNames":{}}}
,"/home/asv-spb/Dev/my-coding/nuExpert/app/stores/README.md": {"path":"/home/asv-spb/Dev/my-coding/nuExpert/app/stores/README.md","statementMap":{},"fnMap":{},"branchMap":{},"s":{},"f":{},"b":{},"meta":{"lastBranch":0,"lastFunction":0,"lastStatement":0,"seen":{},"fnNames":{}}}
,"/home/asv-spb/Dev/my-coding/nuExpert/server/api/README.md": {"path":"/home/asv-spb/Dev/my-coding/nuExpert/server/api/README.md","statementMap":{},"fnMap":{},"branchMap":{},"s":{},"f":{},"b":{},"meta":{"lastBranch":0,"lastFunction":0,"lastStatement":0,"seen":{},"fnNames":{}}}
,"/home/asv-spb/Dev/my-coding/nuExpert/server/api/health.get.ts": {"path":"/home/asv-spb/Dev/my-coding/nuExpert/server/api/health.get.ts","statementMap":{"0":{"start":{"line":5,"column":17},"end":{"line":5,"column":34}},"1":{"start":{"line":7,"column":17},"end":{"line":7,"column":null}},"2":{"start":{"line":8,"column":2},"end":{"line":14,"column":null}},"3":{"start":{"line":9,"column":4},"end":{"line":11,"column":null}},"4":{"start":{"line":10,"column":6},"end":{"line":10,"column":null}},"5":{"start":{"line":13,"column":4},"end":{"line":13,"column":null}},"6":{"start":{"line":16,"column":20},"end":{"line":16,"column":null}},"7":{"start":{"line":17,"column":2},"end":{"line":25,"column":null}},"8":{"start":{"line":18,"column":18},"end":{"line":18,"column":33}},"9":{"start":{"line":19,"column":4},"end":{"line":22,"column":null}},"10":{"start":{"line":20,"column":6},"end":{"line":20,"column":null}},"11":{"start":{"line":21,"column":6},"end":{"line":21,"column":null}},"12":{"start":{"line":24,"column":4},"end":{"line":24,"column":null}},"13":{"start":{"line":27,"column":2},"end":{"line":32,"column":null}}},"fnMap":{"0":{"name":"(anonymous_0)","decl":{"start":{"line":4,"column":34},"end":{"line":4,"column":46}},"loc":{"start":{"line":4,"column":46},"end":{"line":33,"column":1}},"line":4}},"branchMap":{"0":{"loc":{"start":{"line":9,"column":4},"end":{"line":11,"column":null}},"type":"if","locations":[{"start":{"line":9,"column":4},"end":{"line":11,"column":null}},{"start":{},"end":{}}],"line":9},"1":{"loc":{"start":{"line":19,"column":4},"end":{"line":22,"column":null}},"type":"if","locations":[{"start":{"line":19,"column":4},"end":{"line":22,"column":null}},{"start":{},"end":{}}],"line":19}},"s":{"0":1,"1":1,"2":1,"3":1,"4":1,"5":0,"6":1,"7":1,"8":1,"9":1,"10":1,"11":1,"12":0,"13":1},"f":{"0":1},"b":{"0":[1,0],"1":[1,0]},"meta":{"lastBranch":2,"lastFunction":1,"lastStatement":14,"seen":{"f:4:34:4:46":0,"s:5:17:5:34":0,"s:7:17:7:Infinity":1,"s:8:2:14:Infinity":2,"b:9:4:11:Infinity:undefined:undefined:undefined:undefined":0,"s:9:4:11:Infinity":3,"s:10:6:10:Infinity":4,"s:13:4:13:Infinity":5,"s:16:20:16:Infinity":6,"s:17:2:25:Infinity":7,"s:18:18:18:33":8,"b:19:4:22:Infinity:undefined:undefined:undefined:undefined":1,"s:19:4:22:Infinity":9,"s:20:6:20:Infinity":10,"s:21:6:21:Infinity":11,"s:24:4:24:Infinity":12,"s:27:2:32:Infinity":13},"fnNames":{}}}
,"/home/asv-spb/Dev/my-coding/nuExpert/server/api/logs.post.ts": {"path":"/home/asv-spb/Dev/my-coding/nuExpert/server/api/logs.post.ts","statementMap":{"0":{"start":{"line":5,"column":15},"end":{"line":5,"column":null}},"1":{"start":{"line":5,"column":56},"end":{"line":5,"column":82}},"2":{"start":{"line":7,"column":27},"end":{"line":7,"column":null}},"3":{"start":{"line":9,"column":2},"end":{"line":14,"column":null}},"4":{"start":{"line":16,"column":2},"end":{"line":16,"column":null}}},"fnMap":{"0":{"name":"(anonymous_0)","decl":{"start":{"line":4,"column":34},"end":{"line":4,"column":41}},"loc":{"start":{"line":4,"column":51},"end":{"line":17,"column":1}},"line":4},"1":{"name":"(anonymous_1)","decl":{"start":{"line":5,"column":39},"end":{"line":5,"column":47}},"loc":{"start":{"line":5,"column":56},"end":{"line":5,"column":82}},"line":5}},"branchMap":{},"s":{"0":1,"1":1,"2":1,"3":1,"4":1},"f":{"0":1,"1":1},"b":{},"meta":{"lastBranch":0,"lastFunction":2,"lastStatement":5,"seen":{"f:4:34:4:41":0,"s:5:15:5:Infinity":0,"f:5:39:5:47":1,"s:5:56:5:82":1,"s:7:27:7:Infinity":2,"s:9:2:14:Infinity":3,"s:16:2:16:Infinity":4},"fnNames":{}}}
,"/home/asv-spb/Dev/my-coding/nuExpert/server/api/users.get.ts": {"path":"/home/asv-spb/Dev/my-coding/nuExpert/server/api/users.get.ts","statementMap":{"0":{"start":{"line":5,"column":19},"end":{"line":5,"column":null}},"1":{"start":{"line":6,"column":2},"end":{"line":6,"column":null}}},"fnMap":{"0":{"name":"(anonymous_0)","decl":{"start":{"line":4,"column":34},"end":{"line":4,"column":46}},"loc":{"start":{"line":4,"column":46},"end":{"line":7,"column":1}},"line":4}},"branchMap":{},"s":{"0":1,"1":1},"f":{"0":1},"b":{},"meta":{"lastBranch":0,"lastFunction":1,"lastStatement":2,"seen":{"f:4:34:4:46":0,"s:5:19:5:Infinity":0,"s:6:2:6:Infinity":1},"fnNames":{}}}
,"/home/asv-spb/Dev/my-coding/nuExpert/server/api/users.post.ts": {"path":"/home/asv-spb/Dev/my-coding/nuExpert/server/api/users.post.ts","statementMap":{"0":{"start":{"line":6,"column":15},"end":{"line":6,"column":null}},"1":{"start":{"line":6,"column":56},"end":{"line":6,"column":84}},"2":{"start":{"line":8,"column":2},"end":{"line":25,"column":null}},"3":{"start":{"line":9,"column":22},"end":{"line":13,"column":null}},"4":{"start":{"line":15,"column":4},"end":{"line":15,"column":null}},"5":{"start":{"line":17,"column":4},"end":{"line":23,"column":null}},"6":{"start":{"line":18,"column":6},"end":{"line":22,"column":null}},"7":{"start":{"line":24,"column":4},"end":{"line":24,"column":null}}},"fnMap":{"0":{"name":"(anonymous_0)","decl":{"start":{"line":5,"column":34},"end":{"line":5,"column":41}},"loc":{"start":{"line":5,"column":51},"end":{"line":26,"column":1}},"line":5},"1":{"name":"(anonymous_1)","decl":{"start":{"line":6,"column":39},"end":{"line":6,"column":47}},"loc":{"start":{"line":6,"column":56},"end":{"line":6,"column":84}},"line":6}},"branchMap":{"0":{"loc":{"start":{"line":12,"column":16},"end":{"line":12,"column":null}},"type":"binary-expr","locations":[{"start":{"line":12,"column":16},"end":{"line":12,"column":34}},{"start":{"line":12,"column":34},"end":{"line":12,"column":null}}],"line":12},"1":{"loc":{"start":{"line":17,"column":4},"end":{"line":23,"column":null}},"type":"if","locations":[{"start":{"line":17,"column":4},"end":{"line":23,"column":null}},{"start":{},"end":{}}],"line":17},"2":{"loc":{"start":{"line":17,"column":8},"end":{"line":17,"column":112}},"type":"binary-expr","locations":[{"start":{"line":17,"column":8},"end":{"line":17,"column":37}},{"start":{"line":17,"column":37},"end":{"line":17,"column":46}},{"start":{"line":17,"column":46},"end":{"line":17,"column":66}},{"start":{"line":17,"column":66},"end":{"line":17,"column":112}}],"line":17}},"s":{"0":2,"1":2,"2":2,"3":2,"4":1,"5":1,"6":1,"7":0},"f":{"0":2,"1":2},"b":{"0":[2,2],"1":[1,0],"2":[1,1,1,1]},"meta":{"lastBranch":3,"lastFunction":2,"lastStatement":8,"seen":{"f:5:34:5:41":0,"s:6:15:6:Infinity":0,"f:6:39:6:47":1,"s:6:56:6:84":1,"s:8:2:25:Infinity":2,"s:9:22:13:Infinity":3,"b:12:16:12:34:12:34:12:Infinity":0,"s:15:4:15:Infinity":4,"b:17:4:23:Infinity:undefined:undefined:undefined:undefined":1,"s:17:4:23:Infinity":5,"b:17:8:17:37:17:37:17:46:17:46:17:66:17:66:17:112":2,"s:18:6:22:Infinity":6,"s:24:4:24:Infinity":7},"fnNames":{}}}
,"/home/asv-spb/Dev/my-coding/nuExpert/server/database/README.md": {"path":"/home/asv-spb/Dev/my-coding/nuExpert/server/database/README.md","statementMap":{},"fnMap":{},"branchMap":{},"s":{},"f":{},"b":{},"meta":{"lastBranch":0,"lastFunction":0,"lastStatement":0,"seen":{},"fnNames":{}}}
,"/home/asv-spb/Dev/my-coding/nuExpert/server/database/db.ts": {"path":"/home/asv-spb/Dev/my-coding/nuExpert/server/database/db.ts","statementMap":{"0":{"start":{"line":6,"column":67},"end":{"line":6,"column":null}},"1":{"start":{"line":8,"column":13},"end":{"line":11,"column":null}},"2":{"start":{"line":9,"column":2},"end":{"line":9,"column":null}},"3":{"start":{"line":10,"column":2},"end":{"line":10,"column":null}},"4":{"start":{"line":13,"column":13},"end":{"line":18,"column":null}},"5":{"start":{"line":14,"column":2},"end":{"line":16,"column":null}},"6":{"start":{"line":15,"column":4},"end":{"line":15,"column":null}},"7":{"start":{"line":17,"column":2},"end":{"line":17,"column":null}},"8":{"start":{"line":20,"column":29},"end":{"line":26,"column":null}},"9":{"start":{"line":21,"column":2},"end":{"line":24,"column":null}},"10":{"start":{"line":22,"column":4},"end":{"line":22,"column":null}},"11":{"start":{"line":23,"column":4},"end":{"line":23,"column":null}},"12":{"start":{"line":25,"column":2},"end":{"line":25,"column":null}},"13":{"start":{"line":28,"column":23},"end":{"line":32,"column":null}},"14":{"start":{"line":29,"column":2},"end":{"line":31,"column":null}},"15":{"start":{"line":30,"column":4},"end":{"line":30,"column":null}}},"fnMap":{"0":{"name":"(anonymous_0)","decl":{"start":{"line":8,"column":13},"end":{"line":8,"column":23}},"loc":{"start":{"line":8,"column":39},"end":{"line":11,"column":null}},"line":8},"1":{"name":"(anonymous_1)","decl":{"start":{"line":13,"column":13},"end":{"line":13,"column":27}},"loc":{"start":{"line":13,"column":27},"end":{"line":18,"column":null}},"line":13},"2":{"name":"(anonymous_2)","decl":{"start":{"line":20,"column":29},"end":{"line":20,"column":41}},"loc":{"start":{"line":20,"column":41},"end":{"line":26,"column":null}},"line":20},"3":{"name":"(anonymous_3)","decl":{"start":{"line":28,"column":23},"end":{"line":28,"column":35}},"loc":{"start":{"line":28,"column":35},"end":{"line":32,"column":null}},"line":28}},"branchMap":{"0":{"loc":{"start":{"line":14,"column":2},"end":{"line":16,"column":null}},"type":"if","locations":[{"start":{"line":14,"column":2},"end":{"line":16,"column":null}},{"start":{},"end":{}}],"line":14},"1":{"loc":{"start":{"line":21,"column":2},"end":{"line":24,"column":null}},"type":"if","locations":[{"start":{"line":21,"column":2},"end":{"line":24,"column":null}},{"start":{},"end":{}}],"line":21},"2":{"loc":{"start":{"line":29,"column":2},"end":{"line":31,"column":null}},"type":"if","locations":[{"start":{"line":29,"column":2},"end":{"line":31,"column":null}},{"start":{},"end":{}}],"line":29}},"s":{"0":1,"1":1,"2":1,"3":1,"4":1,"5":2,"6":1,"7":1,"8":1,"9":0,"10":0,"11":0,"12":0,"13":1,"14":1,"15":1},"f":{"0":1,"1":2,"2":0,"3":1},"b":{"0":[1,1],"1":[0,0],"2":[1,0]},"meta":{"lastBranch":3,"lastFunction":4,"lastStatement":16,"seen":{"s:6:67:6:Infinity":0,"s:8:13:11:Infinity":1,"f:8:13:8:23":0,"s:9:2:9:Infinity":2,"s:10:2:10:Infinity":3,"s:13:13:18:Infinity":4,"f:13:13:13:27":1,"b:14:2:16:Infinity:undefined:undefined:undefined:undefined":0,"s:14:2:16:Infinity":5,"s:15:4:15:Infinity":6,"s:17:2:17:Infinity":7,"s:20:29:26:Infinity":8,"f:20:29:20:41":2,"b:21:2:24:Infinity:undefined:undefined:undefined:undefined":1,"s:21:2:24:Infinity":9,"s:22:4:22:Infinity":10,"s:23:4:23:Infinity":11,"s:25:2:25:Infinity":12,"s:28:23:32:Infinity":13,"f:28:23:28:35":3,"b:29:2:31:Infinity:undefined:undefined:undefined:undefined":2,"s:29:2:31:Infinity":14,"s:30:4:30:Infinity":15},"fnNames":{}}}
,"/home/asv-spb/Dev/my-coding/nuExpert/server/database/schema.ts": {"path":"/home/asv-spb/Dev/my-coding/nuExpert/server/database/schema.ts","statementMap":{"0":{"start":{"line":3,"column":21},"end":{"line":9,"column":null}}},"fnMap":{},"branchMap":{},"s":{"0":2},"f":{},"b":{},"meta":{"lastBranch":0,"lastFunction":0,"lastStatement":1,"seen":{"s:3:21:9:Infinity":0},"fnNames":{}}}
,"/home/asv-spb/Dev/my-coding/nuExpert/server/middleware/README.md": {"path":"/home/asv-spb/Dev/my-coding/nuExpert/server/middleware/README.md","statementMap":{},"fnMap":{},"branchMap":{},"s":{},"f":{},"b":{},"meta":{"lastBranch":0,"lastFunction":0,"lastStatement":0,"seen":{},"fnNames":{}}}
,"/home/asv-spb/Dev/my-coding/nuExpert/server/middleware/rate-limit.ts": {"path":"/home/asv-spb/Dev/my-coding/nuExpert/server/middleware/rate-limit.ts","statementMap":{"0":{"start":{"line":4,"column":15},"end":{"line":4,"column":null}},"1":{"start":{"line":5,"column":17},"end":{"line":5,"column":null}},"2":{"start":{"line":7,"column":2},"end":{"line":32,"column":null}},"3":{"start":{"line":8,"column":15},"end":{"line":8,"column":null}},"4":{"start":{"line":9,"column":16},"end":{"line":9,"column":null}},"5":{"start":{"line":11,"column":4},"end":{"line":31,"column":null}},"6":{"start":{"line":12,"column":20},"end":{"line":12,"column":35}},"7":{"start":{"line":13,"column":22},"end":{"line":13,"column":null}},"8":{"start":{"line":15,"column":6},"end":{"line":17,"column":null}},"9":{"start":{"line":16,"column":8},"end":{"line":16,"column":null}},"10":{"start":{"line":19,"column":6},"end":{"line":25,"column":null}},"11":{"start":{"line":20,"column":8},"end":{"line":24,"column":null}},"12":{"start":{"line":27,"column":6},"end":{"line":29,"column":null}},"13":{"start":{"line":28,"column":8},"end":{"line":28,"column":null}},"14":{"start":{"line":30,"column":6},"end":{"line":30,"column":null}}},"fnMap":{"0":{"name":"(anonymous_0)","decl":{"start":{"line":3,"column":34},"end":{"line":3,"column":41}},"loc":{"start":{"line":3,"column":51},"end":{"line":33,"column":1}},"line":3}},"branchMap":{"0":{"loc":{"start":{"line":7,"column":2},"end":{"line":32,"column":null}},"type":"if","locations":[{"start":{"line":7,"column":2},"end":{"line":32,"column":null}},{"start":{},"end":{}}],"line":7},"1":{"loc":{"start":{"line":7,"column":6},"end":{"line":7,"column":49}},"type":"binary-expr","locations":[{"start":{"line":7,"column":6},"end":{"line":7,"column":30}},{"start":{"line":7,"column":30},"end":{"line":7,"column":49}}],"line":7},"2":{"loc":{"start":{"line":8,"column":15},"end":{"line":8,"column":null}},"type":"binary-expr","locations":[{"start":{"line":8,"column":15},"end":{"line":8,"column":63}},{"start":{"line":8,"column":63},"end":{"line":8,"column":null}}],"line":8},"3":{"loc":{"start":{"line":15,"column":6},"end":{"line":17,"column":null}},"type":"if","locations":[{"start":{"line":15,"column":6},"end":{"line":17,"column":null}},{"start":{},"end":{}}],"line":15},"4":{"loc":{"start":{"line":19,"column":6},"end":{"line":25,"column":null}},"type":"if","locations":[{"start":{"line":19,"column":6},"end":{"line":25,"column":null}},{"start":{},"end":{}}],"line":19},"5":{"loc":{"start":{"line":27,"column":6},"end":{"line":29,"column":null}},"type":"if","locations":[{"start":{"line":27,"column":6},"end":{"line":29,"column":null}},{"start":{},"end":{}}],"line":27},"6":{"loc":{"start":{"line":27,"column":10},"end":{"line":27,"column":120}},"type":"binary-expr","locations":[{"start":{"line":27,"column":10},"end":{"line":27,"column":37}},{"start":{"line":27,"column":37},"end":{"line":27,"column":44}},{"start":{"line":27,"column":44},"end":{"line":27,"column":68}},{"start":{"line":27,"column":68},"end":{"line":27,"column":120}}],"line":27}},"s":{"0":2,"1":2,"2":2,"3":2,"4":2,"5":2,"6":2,"7":2,"8":2,"9":1,"10":2,"11":1,"12":1,"13":1,"14":0},"f":{"0":2},"b":{"0":[2,0],"1":[2,2],"2":[2,0],"3":[1,1],"4":[1,1],"5":[1,0],"6":[1,1,1,1]},"meta":{"lastBranch":7,"lastFunction":1,"lastStatement":15,"seen":{"f:3:34:3:41":0,"s:4:15:4:Infinity":0,"s:5:17:5:Infinity":1,"b:7:2:32:Infinity:undefined:undefined:undefined:undefined":0,"s:7:2:32:Infinity":2,"b:7:6:7:30:7:30:7:49":1,"s:8:15:8:Infinity":3,"b:8:15:8:63:8:63:8:Infinity":2,"s:9:16:9:Infinity":4,"s:11:4:31:Infinity":5,"s:12:20:12:35":6,"s:13:22:13:Infinity":7,"b:15:6:17:Infinity:undefined:undefined:undefined:undefined":3,"s:15:6:17:Infinity":8,"s:16:8:16:Infinity":9,"b:19:6:25:Infinity:undefined:undefined:undefined:undefined":4,"s:19:6:25:Infinity":10,"s:20:8:24:Infinity":11,"b:27:6:29:Infinity:undefined:undefined:undefined:undefined":5,"s:27:6:29:Infinity":12,"b:27:10:27:37:27:37:27:44:27:44:27:68:27:68:27:120":6,"s:28:8:28:Infinity":13,"s:30:6:30:Infinity":14},"fnNames":{}}}
,"/home/asv-spb/Dev/my-coding/nuExpert/server/plugins/README.md": {"path":"/home/asv-spb/Dev/my-coding/nuExpert/server/plugins/README.md","statementMap":{},"fnMap":{},"branchMap":{},"s":{},"f":{},"b":{},"meta":{"lastBranch":0,"lastFunction":0,"lastStatement":0,"seen":{},"fnNames":{}}}
,"/home/asv-spb/Dev/my-coding/nuExpert/server/plugins/db.ts": {"path":"/home/asv-spb/Dev/my-coding/nuExpert/server/plugins/db.ts","statementMap":{"0":{"start":{"line":4,"column":17},"end":{"line":4,"column":34}},"1":{"start":{"line":6,"column":2},"end":{"line":10,"column":null}},"2":{"start":{"line":7,"column":4},"end":{"line":7,"column":null}},"3":{"start":{"line":9,"column":4},"end":{"line":9,"column":null}},"4":{"start":{"line":12,"column":2},"end":{"line":14,"column":null}},"5":{"start":{"line":13,"column":4},"end":{"line":13,"column":null}}},"fnMap":{"0":{"name":"(anonymous_0)","decl":{"start":{"line":3,"column":15},"end":{"line":3,"column":34}},"loc":{"start":{"line":3,"column":47},"end":{"line":15,"column":1}},"line":3},"1":{"name":"(anonymous_1)","decl":{"start":{"line":12,"column":31},"end":{"line":12,"column":43}},"loc":{"start":{"line":12,"column":43},"end":{"line":14,"column":3}},"line":12}},"branchMap":{"0":{"loc":{"start":{"line":6,"column":2},"end":{"line":10,"column":null}},"type":"if","locations":[{"start":{"line":6,"column":2},"end":{"line":10,"column":null}},{"start":{"line":8,"column":9},"end":{"line":10,"column":null}}],"line":6}},"s":{"0":0,"1":0,"2":0,"3":0,"4":0,"5":0},"f":{"0":0,"1":0},"b":{"0":[0,0]},"meta":{"lastBranch":1,"lastFunction":2,"lastStatement":6,"seen":{"f:3:15:3:34":0,"s:4:17:4:34":0,"b:6:2:10:Infinity:8:9:10:Infinity":0,"s:6:2:10:Infinity":1,"s:7:4:7:Infinity":2,"s:9:4:9:Infinity":3,"s:12:2:14:Infinity":4,"f:12:31:12:43":1,"s:13:4:13:Infinity":5},"fnNames":{}}}
,"/home/asv-spb/Dev/my-coding/nuExpert/server/utils/README.md": {"path":"/home/asv-spb/Dev/my-coding/nuExpert/server/utils/README.md","statementMap":{},"fnMap":{},"branchMap":{},"s":{},"f":{},"b":{},"meta":{"lastBranch":0,"lastFunction":0,"lastStatement":0,"seen":{},"fnNames":{}}}
,"/home/asv-spb/Dev/my-coding/nuExpert/server/utils/logger.ts": {"path":"/home/asv-spb/Dev/my-coding/nuExpert/server/utils/logger.ts","statementMap":{"0":{"start":{"line":3,"column":22},"end":{"line":5,"column":null}}},"fnMap":{},"branchMap":{"0":{"loc":{"start":{"line":4,"column":9},"end":{"line":4,"column":null}},"type":"binary-expr","locations":[{"start":{"line":4,"column":9},"end":{"line":4,"column":34}},{"start":{"line":4,"column":34},"end":{"line":4,"column":null}}],"line":4}},"s":{"0":0},"f":{},"b":{"0":[0,0]},"meta":{"lastBranch":1,"lastFunction":0,"lastStatement":1,"seen":{"s:3:22:5:Infinity":0,"b:4:9:4:34:4:34:4:Infinity":0},"fnNames":{}}}
,"/home/asv-spb/Dev/my-coding/nuExpert/server/utils/redis.ts": {"path":"/home/asv-spb/Dev/my-coding/nuExpert/server/utils/redis.ts","statementMap":{"0":{"start":{"line":3,"column":32},"end":{"line":3,"column":null}},"1":{"start":{"line":5,"column":13},"end":{"line":14,"column":null}},"2":{"start":{"line":6,"column":2},"end":{"line":12,"column":null}},"3":{"start":{"line":7,"column":19},"end":{"line":7,"column":36}},"4":{"start":{"line":8,"column":4},"end":{"line":11,"column":null}},"5":{"start":{"line":13,"column":2},"end":{"line":13,"column":null}},"6":{"start":{"line":16,"column":26},"end":{"line":20,"column":null}},"7":{"start":{"line":17,"column":2},"end":{"line":19,"column":null}},"8":{"start":{"line":18,"column":4},"end":{"line":18,"column":null}}},"fnMap":{"0":{"name":"(anonymous_0)","decl":{"start":{"line":5,"column":13},"end":{"line":5,"column":36}},"loc":{"start":{"line":5,"column":36},"end":{"line":14,"column":null}},"line":5},"1":{"name":"(anonymous_1)","decl":{"start":{"line":16,"column":26},"end":{"line":16,"column":38}},"loc":{"start":{"line":16,"column":38},"end":{"line":20,"column":null}},"line":16}},"branchMap":{"0":{"loc":{"start":{"line":6,"column":2},"end":{"line":12,"column":null}},"type":"if","locations":[{"start":{"line":6,"column":2},"end":{"line":12,"column":null}},{"start":{},"end":{}}],"line":6},"1":{"loc":{"start":{"line":17,"column":2},"end":{"line":19,"column":null}},"type":"if","locations":[{"start":{"line":17,"column":2},"end":{"line":19,"column":null}},{"start":{},"end":{}}],"line":17}},"s":{"0":0,"1":0,"2":0,"3":0,"4":0,"5":0,"6":0,"7":0,"8":0},"f":{"0":0,"1":0},"b":{"0":[0,0],"1":[0,0]},"meta":{"lastBranch":2,"lastFunction":2,"lastStatement":9,"seen":{"s:3:32:3:Infinity":0,"s:5:13:14:Infinity":1,"f:5:13:5:36":0,"b:6:2:12:Infinity:undefined:undefined:undefined:undefined":0,"s:6:2:12:Infinity":2,"s:7:19:7:36":3,"s:8:4:11:Infinity":4,"s:13:2:13:Infinity":5,"s:16:26:20:Infinity":6,"f:16:26:16:38":1,"b:17:2:19:Infinity:undefined:undefined:undefined:undefined":1,"s:17:2:19:Infinity":7,"s:18:4:18:Infinity":8},"fnNames":{}}}
,"/home/asv-spb/Dev/my-coding/nuExpert/shared/schemas/README.md": {"path":"/home/asv-spb/Dev/my-coding/nuExpert/shared/schemas/README.md","statementMap":{},"fnMap":{},"branchMap":{},"s":{},"f":{},"b":{},"meta":{"lastBranch":0,"lastFunction":0,"lastStatement":0,"seen":{},"fnNames":{}}}
,"/home/asv-spb/Dev/my-coding/nuExpert/shared/schemas/index.ts": {"path":"/home/asv-spb/Dev/my-coding/nuExpert/shared/schemas/index.ts","statementMap":{"0":{"start":{"line":3,"column":32},"end":{"line":7,"column":null}},"1":{"start":{"line":11,"column":26},"end":{"line":14,"column":null}},"2":{"start":{"line":18,"column":30},"end":{"line":25,"column":null}}},"fnMap":{},"branchMap":{},"s":{"0":2,"1":2,"2":2},"f":{},"b":{},"meta":{"lastBranch":0,"lastFunction":0,"lastStatement":3,"seen":{"s:3:32:7:Infinity":0,"s:11:26:14:Infinity":1,"s:18:30:25:Infinity":2},"fnNames":{}}}
,"/home/asv-spb/Dev/my-coding/nuExpert/shared/types/README.md": {"path":"/home/asv-spb/Dev/my-coding/nuExpert/shared/types/README.md","statementMap":{},"fnMap":{},"branchMap":{},"s":{},"f":{},"b":{},"meta":{"lastBranch":0,"lastFunction":0,"lastStatement":0,"seen":{},"fnNames":{}}}
}
